<?xml version="1.0" encoding="UTF-8"?>
<!-- Generated by org.testng.reporters.JUnitXMLReporter -->
<testsuite hostname="Navinkumar_Singh_Laptop" name="Test" tests="3" failures="0" timestamp="16 Aug 2019 16:37:48 GMT" time="23.253" errors="0">
  <testcase name="pageNavigation" time="0.094" classname="Maven.ValidateNavigationBar"/>
  <testcase name="pageNavigation" time="9.096" classname="Maven.HomePage"/>
  <testcase name="pageNavigation" time="4.997" classname="Maven.HomePage"/>
</testsuite> <!-- Test -->
