<?xml version="1.0" encoding="UTF-8"?>
<!-- Generated by org.testng.reporters.JUnitXMLReporter -->
<testsuite hostname="Navinkumar_Singh_Laptop" name="Test" tests="3" failures="0" timestamp="16 Aug 2019 16:43:08 GMT" time="25.641" errors="0">
  <testcase name="pageNavigation" time="0.066" classname="Maven.ValidateNavigationBar"/>
  <testcase name="pageNavigation" time="8.971" classname="Maven.HomePage"/>
  <testcase name="pageNavigation" time="4.903" classname="Maven.HomePage"/>
</testsuite> <!-- Test -->
